{"C:\\Users\\Raihan\\Desktop\\todo-list-testing\\Minimalist-todo\\src\\utils.js": {"path":"C:\\Users\\Raihan\\Desktop\\todo-list-testing\\Minimalist-todo\\src\\utils.js","statementMap":{"0":{"start":{"line":3,"column":4},"end":{"line":3,"column":19}},"1":{"start":{"line":6,"column":8},"end":{"line":10,"column":3}},"2":{"start":{"line":7,"column":17},"end":{"line":7,"column":50}},"3":{"start":{"line":8,"column":4},"end":{"line":8,"column":25}},"4":{"start":{"line":9,"column":4},"end":{"line":9,"column":23}},"5":{"start":{"line":13,"column":12},"end":{"line":93,"column":3}},"6":{"start":{"line":14,"column":23},"end":{"line":14,"column":59}},"7":{"start":{"line":15,"column":19},"end":{"line":15,"column":47}},"8":{"start":{"line":16,"column":4},"end":{"line":16,"column":33}},"9":{"start":{"line":17,"column":4},"end":{"line":17,"column":27}},"10":{"start":{"line":19,"column":27},"end":{"line":19,"column":56}},"11":{"start":{"line":20,"column":4},"end":{"line":20,"column":49}},"12":{"start":{"line":21,"column":21},"end":{"line":21,"column":52}},"13":{"start":{"line":22,"column":4},"end":{"line":22,"column":31}},"14":{"start":{"line":23,"column":4},"end":{"line":23,"column":31}},"15":{"start":{"line":25,"column":30},"end":{"line":25,"column":61}},"16":{"start":{"line":26,"column":4},"end":{"line":26,"column":56}},"17":{"start":{"line":27,"column":4},"end":{"line":27,"column":47}},"18":{"start":{"line":28,"column":4},"end":{"line":28,"column":36}},"19":{"start":{"line":31,"column":4},"end":{"line":40,"column":7}},"20":{"start":{"line":32,"column":21},"end":{"line":32,"column":68}},"21":{"start":{"line":33,"column":6},"end":{"line":39,"column":7}},"22":{"start":{"line":34,"column":8},"end":{"line":34,"column":78}},"23":{"start":{"line":35,"column":8},"end":{"line":35,"column":43}},"24":{"start":{"line":37,"column":8},"end":{"line":37,"column":70}},"25":{"start":{"line":38,"column":8},"end":{"line":38,"column":44}},"26":{"start":{"line":42,"column":4},"end":{"line":45,"column":5}},"27":{"start":{"line":43,"column":6},"end":{"line":43,"column":23}},"28":{"start":{"line":44,"column":6},"end":{"line":44,"column":62}},"29":{"start":{"line":47,"column":4},"end":{"line":54,"column":7}},"30":{"start":{"line":48,"column":21},"end":{"line":48,"column":68}},"31":{"start":{"line":49,"column":6},"end":{"line":49,"column":79}},"32":{"start":{"line":50,"column":22},"end":{"line":50,"column":67}},"33":{"start":{"line":51,"column":20},"end":{"line":51,"column":77}},"34":{"start":{"line":52,"column":6},"end":{"line":52,"column":41}},"35":{"start":{"line":53,"column":6},"end":{"line":53,"column":36}},"36":{"start":{"line":57,"column":4},"end":{"line":72,"column":7}},"37":{"start":{"line":58,"column":21},"end":{"line":58,"column":68}},"38":{"start":{"line":59,"column":21},"end":{"line":59,"column":48}},"39":{"start":{"line":60,"column":6},"end":{"line":60,"column":45}},"40":{"start":{"line":62,"column":6},"end":{"line":62,"column":64}},"41":{"start":{"line":63,"column":22},"end":{"line":63,"column":67}},"42":{"start":{"line":64,"column":20},"end":{"line":64,"column":77}},"43":{"start":{"line":68,"column":6},"end":{"line":71,"column":14}},"44":{"start":{"line":69,"column":8},"end":{"line":69,"column":41}},"45":{"start":{"line":70,"column":8},"end":{"line":70,"column":40}},"46":{"start":{"line":75,"column":4},"end":{"line":75,"column":36}},"47":{"start":{"line":76,"column":4},"end":{"line":76,"column":45}},"48":{"start":{"line":78,"column":18},"end":{"line":78,"column":45}},"49":{"start":{"line":79,"column":4},"end":{"line":79,"column":60}},"50":{"start":{"line":81,"column":20},"end":{"line":81,"column":47}},"51":{"start":{"line":82,"column":4},"end":{"line":82,"column":60}},"52":{"start":{"line":83,"column":4},"end":{"line":86,"column":7}},"53":{"start":{"line":84,"column":21},"end":{"line":84,"column":54}},"54":{"start":{"line":85,"column":6},"end":{"line":85,"column":22}},"55":{"start":{"line":88,"column":4},"end":{"line":88,"column":34}},"56":{"start":{"line":89,"column":4},"end":{"line":89,"column":27}},"57":{"start":{"line":90,"column":4},"end":{"line":90,"column":25}},"58":{"start":{"line":92,"column":4},"end":{"line":92,"column":30}},"59":{"start":{"line":95,"column":11},"end":{"line":99,"column":3}},"60":{"start":{"line":96,"column":4},"end":{"line":96,"column":90}},"61":{"start":{"line":96,"column":43},"end":{"line":96,"column":88}},"62":{"start":{"line":97,"column":4},"end":{"line":97,"column":48}},"63":{"start":{"line":98,"column":4},"end":{"line":98,"column":24}},"64":{"start":{"line":101,"column":17},"end":{"line":110,"column":3}},"65":{"start":{"line":102,"column":16},"end":{"line":102,"column":17}},"66":{"start":{"line":103,"column":4},"end":{"line":109,"column":7}},"67":{"start":{"line":104,"column":21},"end":{"line":104,"column":56}},"68":{"start":{"line":105,"column":6},"end":{"line":105,"column":24}},"69":{"start":{"line":107,"column":6},"end":{"line":107,"column":25}},"70":{"start":{"line":108,"column":6},"end":{"line":108,"column":17}},"71":{"start":{"line":112,"column":13},"end":{"line":121,"column":3}},"72":{"start":{"line":113,"column":4},"end":{"line":117,"column":7}},"73":{"start":{"line":114,"column":6},"end":{"line":116,"column":7}},"74":{"start":{"line":115,"column":8},"end":{"line":115,"column":53}},"75":{"start":{"line":119,"column":4},"end":{"line":119,"column":60}},"76":{"start":{"line":119,"column":43},"end":{"line":119,"column":58}},"77":{"start":{"line":120,"column":4},"end":{"line":120,"column":24}},"78":{"start":{"line":124,"column":0},"end":{"line":124,"column":27}}},"fnMap":{"0":{"name":"(anonymous_0)","decl":{"start":{"line":2,"column":2},"end":{"line":2,"column":3}},"loc":{"start":{"line":2,"column":16},"end":{"line":4,"column":3}},"line":2},"1":{"name":"(anonymous_1)","decl":{"start":{"line":6,"column":8},"end":{"line":6,"column":9}},"loc":{"start":{"line":6,"column":74},"end":{"line":10,"column":3}},"line":6},"2":{"name":"(anonymous_2)","decl":{"start":{"line":13,"column":12},"end":{"line":13,"column":13}},"loc":{"start":{"line":13,"column":22},"end":{"line":93,"column":3}},"line":13},"3":{"name":"(anonymous_3)","decl":{"start":{"line":31,"column":40},"end":{"line":31,"column":41}},"loc":{"start":{"line":31,"column":51},"end":{"line":40,"column":5}},"line":31},"4":{"name":"(anonymous_4)","decl":{"start":{"line":47,"column":48},"end":{"line":47,"column":49}},"loc":{"start":{"line":47,"column":59},"end":{"line":54,"column":5}},"line":47},"5":{"name":"(anonymous_5)","decl":{"start":{"line":57,"column":51},"end":{"line":57,"column":52}},"loc":{"start":{"line":57,"column":62},"end":{"line":72,"column":5}},"line":57},"6":{"name":"(anonymous_6)","decl":{"start":{"line":68,"column":17},"end":{"line":68,"column":18}},"loc":{"start":{"line":68,"column":23},"end":{"line":71,"column":7}},"line":68},"7":{"name":"(anonymous_7)","decl":{"start":{"line":83,"column":38},"end":{"line":83,"column":39}},"loc":{"start":{"line":83,"column":49},"end":{"line":86,"column":5}},"line":83},"8":{"name":"(anonymous_8)","decl":{"start":{"line":95,"column":11},"end":{"line":95,"column":12}},"loc":{"start":{"line":95,"column":26},"end":{"line":99,"column":3}},"line":95},"9":{"name":"(anonymous_9)","decl":{"start":{"line":96,"column":33},"end":{"line":96,"column":34}},"loc":{"start":{"line":96,"column":43},"end":{"line":96,"column":88}},"line":96},"10":{"name":"(anonymous_10)","decl":{"start":{"line":101,"column":17},"end":{"line":101,"column":18}},"loc":{"start":{"line":101,"column":23},"end":{"line":110,"column":3}},"line":101},"11":{"name":"(anonymous_11)","decl":{"start":{"line":103,"column":22},"end":{"line":103,"column":23}},"loc":{"start":{"line":103,"column":32},"end":{"line":109,"column":5}},"line":103},"12":{"name":"(anonymous_12)","decl":{"start":{"line":112,"column":13},"end":{"line":112,"column":14}},"loc":{"start":{"line":112,"column":19},"end":{"line":121,"column":3}},"line":112},"13":{"name":"(anonymous_13)","decl":{"start":{"line":113,"column":22},"end":{"line":113,"column":23}},"loc":{"start":{"line":113,"column":32},"end":{"line":117,"column":5}},"line":113},"14":{"name":"(anonymous_14)","decl":{"start":{"line":119,"column":33},"end":{"line":119,"column":34}},"loc":{"start":{"line":119,"column":43},"end":{"line":119,"column":58}},"line":119}},"branchMap":{"0":{"loc":{"start":{"line":6,"column":22},"end":{"line":6,"column":39}},"type":"default-arg","locations":[{"start":{"line":6,"column":34},"end":{"line":6,"column":39}}],"line":6},"1":{"loc":{"start":{"line":6,"column":41},"end":{"line":6,"column":69}},"type":"default-arg","locations":[{"start":{"line":6,"column":49},"end":{"line":6,"column":69}}],"line":6},"2":{"loc":{"start":{"line":33,"column":6},"end":{"line":39,"column":7}},"type":"if","locations":[{"start":{"line":33,"column":6},"end":{"line":39,"column":7}},{"start":{"line":36,"column":13},"end":{"line":39,"column":7}}],"line":33},"3":{"loc":{"start":{"line":42,"column":4},"end":{"line":45,"column":5}},"type":"if","locations":[{"start":{"line":42,"column":4},"end":{"line":45,"column":5}},{"start":{},"end":{}}],"line":42},"4":{"loc":{"start":{"line":114,"column":6},"end":{"line":116,"column":7}},"type":"if","locations":[{"start":{"line":114,"column":6},"end":{"line":116,"column":7}},{"start":{},"end":{}}],"line":114}},"s":{"0":5,"1":5,"2":14,"3":14,"4":14,"5":5,"6":14,"7":14,"8":14,"9":14,"10":14,"11":14,"12":14,"13":14,"14":14,"15":14,"16":14,"17":14,"18":14,"19":14,"20":0,"21":0,"22":0,"23":0,"24":0,"25":0,"26":14,"27":0,"28":0,"29":14,"30":0,"31":0,"32":0,"33":0,"34":0,"35":0,"36":14,"37":0,"38":0,"39":0,"40":0,"41":0,"42":0,"43":0,"44":0,"45":0,"46":14,"47":14,"48":14,"49":14,"50":14,"51":14,"52":14,"53":0,"54":0,"55":14,"56":14,"57":14,"58":14,"59":5,"60":4,"61":10,"62":4,"63":4,"64":5,"65":4,"66":4,"67":6,"68":6,"69":6,"70":6,"71":5,"72":0,"73":0,"74":0,"75":0,"76":0,"77":0,"78":1},"f":{"0":5,"1":14,"2":14,"3":0,"4":0,"5":0,"6":0,"7":0,"8":4,"9":10,"10":4,"11":6,"12":0,"13":0,"14":0},"b":{"0":[14],"1":[14],"2":[0,0],"3":[0,14],"4":[0,0]},"_coverageSchema":"1a1c01bbd47fc00a2c39e90264f33305004495a9","hash":"59c8dbcee4b6a5a6d6bf597792bf554af209b829"}
}
