TN:
SF:src\utils.js
FN:2,(anonymous_0)
FN:6,(anonymous_1)
FN:13,(anonymous_2)
FN:31,(anonymous_3)
FN:47,(anonymous_4)
FN:57,(anonymous_5)
FN:68,(anonymous_6)
FN:83,(anonymous_7)
FN:95,(anonymous_8)
FN:96,(anonymous_9)
FN:101,(anonymous_10)
FN:103,(anonymous_11)
FN:112,(anonymous_12)
FN:113,(anonymous_13)
FN:119,(anonymous_14)
FNF:15
FNH:3
FNDA:1,(anonymous_0)
FNDA:3,(anonymous_1)
FNDA:3,(anonymous_2)
FNDA:0,(anonymous_3)
FNDA:0,(anonymous_4)
FNDA:0,(anonymous_5)
FNDA:0,(anonymous_6)
FNDA:0,(anonymous_7)
FNDA:0,(anonymous_8)
FNDA:0,(anonymous_9)
FNDA:0,(anonymous_10)
FNDA:0,(anonymous_11)
FNDA:0,(anonymous_12)
FNDA:0,(anonymous_13)
FNDA:0,(anonymous_14)
DA:3,1
DA:6,1
DA:7,3
DA:8,3
DA:9,3
DA:13,1
DA:14,3
DA:15,3
DA:16,3
DA:17,3
DA:19,3
DA:20,3
DA:21,3
DA:22,3
DA:23,3
DA:25,3
DA:26,3
DA:27,3
DA:28,3
DA:31,3
DA:32,0
DA:33,0
DA:34,0
DA:35,0
DA:37,0
DA:38,0
DA:42,3
DA:43,0
DA:44,0
DA:47,3
DA:48,0
DA:49,0
DA:50,0
DA:51,0
DA:52,0
DA:53,0
DA:57,3
DA:58,0
DA:59,0
DA:60,0
DA:62,0
DA:63,0
DA:64,0
DA:68,0
DA:69,0
DA:70,0
DA:75,3
DA:76,3
DA:78,3
DA:79,3
DA:81,3
DA:82,3
DA:83,3
DA:84,0
DA:85,0
DA:88,3
DA:89,3
DA:90,3
DA:92,3
DA:95,1
DA:96,0
DA:97,0
DA:98,0
DA:101,1
DA:102,0
DA:103,0
DA:104,0
DA:105,0
DA:107,0
DA:108,0
DA:112,1
DA:113,0
DA:114,0
DA:115,0
DA:119,0
DA:120,0
DA:124,1
LF:77
LH:38
BRDA:6,0,0,3
BRDA:6,1,0,3
BRDA:33,2,0,0
BRDA:33,2,1,0
BRDA:42,3,0,0
BRDA:42,3,1,3
BRDA:114,4,0,0
BRDA:114,4,1,0
BRF:8
BRH:3
end_of_record
