TN:
SF:src\utils.js
FN:2,(anonymous_0)
FN:6,(anonymous_1)
FN:13,(anonymous_2)
FN:31,(anonymous_3)
FN:47,(anonymous_4)
FN:57,(anonymous_5)
FN:68,(anonymous_6)
FN:83,(anonymous_7)
FN:95,(anonymous_8)
FN:96,(anonymous_9)
FN:101,(anonymous_10)
FN:103,(anonymous_11)
FN:112,(anonymous_12)
FN:113,(anonymous_13)
FN:119,(anonymous_14)
FNF:15
FNH:7
FNDA:5,(anonymous_0)
FNDA:14,(anonymous_1)
FNDA:14,(anonymous_2)
FNDA:0,(anonymous_3)
FNDA:0,(anonymous_4)
FNDA:0,(anonymous_5)
FNDA:0,(anonymous_6)
FNDA:0,(anonymous_7)
FNDA:4,(anonymous_8)
FNDA:10,(anonymous_9)
FNDA:4,(anonymous_10)
FNDA:6,(anonymous_11)
FNDA:0,(anonymous_12)
FNDA:0,(anonymous_13)
FNDA:0,(anonymous_14)
DA:3,5
DA:6,5
DA:7,14
DA:8,14
DA:9,14
DA:13,5
DA:14,14
DA:15,14
DA:16,14
DA:17,14
DA:19,14
DA:20,14
DA:21,14
DA:22,14
DA:23,14
DA:25,14
DA:26,14
DA:27,14
DA:28,14
DA:31,14
DA:32,0
DA:33,0
DA:34,0
DA:35,0
DA:37,0
DA:38,0
DA:42,14
DA:43,0
DA:44,0
DA:47,14
DA:48,0
DA:49,0
DA:50,0
DA:51,0
DA:52,0
DA:53,0
DA:57,14
DA:58,0
DA:59,0
DA:60,0
DA:62,0
DA:63,0
DA:64,0
DA:68,0
DA:69,0
DA:70,0
DA:75,14
DA:76,14
DA:78,14
DA:79,14
DA:81,14
DA:82,14
DA:83,14
DA:84,0
DA:85,0
DA:88,14
DA:89,14
DA:90,14
DA:92,14
DA:95,5
DA:96,10
DA:97,4
DA:98,4
DA:101,5
DA:102,4
DA:103,4
DA:104,6
DA:105,6
DA:107,6
DA:108,6
DA:112,5
DA:113,0
DA:114,0
DA:115,0
DA:119,0
DA:120,0
DA:124,1
LF:77
LH:47
BRDA:6,0,0,14
BRDA:6,1,0,14
BRDA:33,2,0,0
BRDA:33,2,1,0
BRDA:42,3,0,0
BRDA:42,3,1,14
BRDA:114,4,0,0
BRDA:114,4,1,0
BRF:8
BRH:3
end_of_record
